[21-Nov-2016 19:17:08 UTC] PHP Warning:  mysqli_query() expects parameter 1 to be mysqli, null given in /home/u554877504/public_html/db.php on line 26
[21-Nov-2016 19:17:08 UTC] PHP Warning:  mysqli_query() expects parameter 1 to be mysqli, null given in /home/u554877504/public_html/db.php on line 27
[21-Nov-2016 19:17:08 UTC] PHP Warning:  mysql_num_rows() expects parameter 1 to be resource, null given in /home/u554877504/public_html/db.php on line 29
[21-Nov-2016 19:17:08 UTC] PHP Warning:  mysqli_num_rows() expects parameter 1 to be mysqli_result, null given in /home/u554877504/public_html/db.php on line 31
[21-Nov-2016 19:17:59 UTC] PHP Warning:  mysqli_query() expects at least 2 parameters, 1 given in /home/u554877504/public_html/db.php on line 26
[21-Nov-2016 19:17:59 UTC] PHP Warning:  mysqli_query() expects parameter 1 to be mysqli, null given in /home/u554877504/public_html/db.php on line 27
[21-Nov-2016 19:17:59 UTC] PHP Warning:  mysql_num_rows() expects parameter 1 to be resource, null given in /home/u554877504/public_html/db.php on line 29
[21-Nov-2016 19:17:59 UTC] PHP Warning:  mysqli_num_rows() expects parameter 1 to be mysqli_result, null given in /home/u554877504/public_html/db.php on line 31
[21-Nov-2016 19:18:11 UTC] PHP Warning:  mysqli_query() expects parameter 1 to be mysqli, null given in /home/u554877504/public_html/db.php on line 26
[21-Nov-2016 19:18:11 UTC] PHP Warning:  mysqli_query() expects parameter 1 to be mysqli, null given in /home/u554877504/public_html/db.php on line 27
[21-Nov-2016 19:18:11 UTC] PHP Warning:  mysql_num_rows() expects parameter 1 to be resource, null given in /home/u554877504/public_html/db.php on line 29
[21-Nov-2016 19:18:11 UTC] PHP Warning:  mysqli_num_rows() expects parameter 1 to be mysqli_result, null given in /home/u554877504/public_html/db.php on line 31
[21-Nov-2016 19:19:38 UTC] PHP Warning:  mysqli_query() expects parameter 1 to be mysqli, null given in /home/u554877504/public_html/db.php on line 26
[21-Nov-2016 19:19:38 UTC] PHP Warning:  mysql_num_rows() expects parameter 1 to be resource, null given in /home/u554877504/public_html/db.php on line 32
[21-Nov-2016 19:19:38 UTC] PHP Warning:  mysqli_num_rows() expects parameter 1 to be mysqli_result, null given in /home/u554877504/public_html/db.php on line 34
[21-Nov-2016 19:19:59 UTC] PHP Warning:  mysql_num_rows() expects parameter 1 to be resource, object given in /home/u554877504/public_html/db.php on line 32
[21-Nov-2016 19:29:48 UTC] PHP Catchable fatal error:  Object of class mysqli_result could not be converted to string in /home/u554877504/public_html/db.php on line 25
[22-Nov-2016 04:49:47 UTC] PHP Parse error:  syntax error, unexpected end of file in /home/u554877504/public_html/data.php on line 30
[22-Nov-2016 04:50:03 UTC] PHP Warning:  mysql_fetch_assoc() expects parameter 1 to be resource, boolean given in /home/u554877504/public_html/data.php on line 20
[22-Nov-2016 04:50:03 UTC] PHP Warning:  mysql_close(): no MySQL-Link resource supplied in /home/u554877504/public_html/data.php on line 27
[22-Nov-2016 04:51:17 UTC] PHP Deprecated:  mysql_query(): The mysql extension is deprecated and will be removed in the future: use mysqli or PDO instead in /home/u554877504/public_html/data.php on line 16
[22-Nov-2016 04:51:17 UTC] PHP Warning:  mysql_query(): Access denied for user 'u554877504'@'10.2.1.28' (using password: NO) in /home/u554877504/public_html/data.php on line 16
[22-Nov-2016 04:51:18 UTC] PHP Warning:  mysql_query(): A link to the server could not be established in /home/u554877504/public_html/data.php on line 16
[22-Nov-2016 04:52:10 UTC] PHP Parse error:  syntax error, unexpected end of file in /home/u554877504/public_html/data.php on line 32
[22-Nov-2016 04:52:21 UTC] PHP Warning:  mysql_fetch_assoc() expects parameter 1 to be resource, boolean given in /home/u554877504/public_html/data.php on line 20
[22-Nov-2016 04:52:21 UTC] PHP Warning:  mysql_close(): no MySQL-Link resource supplied in /home/u554877504/public_html/data.php on line 28
[22-Nov-2016 04:54:28 UTC] PHP Parse error:  syntax error, unexpected '}', expecting ',' or ';' in /home/u554877504/public_html/data.php on line 27
[22-Nov-2016 04:54:55 UTC] PHP Warning:  mysql_fetch_assoc() expects parameter 1 to be resource, string given in /home/u554877504/public_html/data.php on line 20
[22-Nov-2016 04:54:55 UTC] PHP Warning:  mysql_close(): no MySQL-Link resource supplied in /home/u554877504/public_html/data.php on line 29
[22-Nov-2016 04:55:16 UTC] PHP Warning:  mysql_fetch_assoc() expects parameter 1 to be resource, string given in /home/u554877504/public_html/data.php on line 20
[22-Nov-2016 04:55:40 UTC] PHP Parse error:  syntax error, unexpected 'while' (T_WHILE) in /home/u554877504/public_html/data.php on line 21
[22-Nov-2016 04:55:52 UTC] PHP Fatal error:  Call to undefined function prnit() in /home/u554877504/public_html/data.php on line 19
[22-Nov-2016 04:56:10 UTC] PHP Warning:  mysql_fetch_assoc() expects parameter 1 to be resource, string given in /home/u554877504/public_html/data.php on line 21
[22-Nov-2016 04:56:28 UTC] PHP Parse error:  syntax error, unexpected 'pass' (T_STRING) in /home/u554877504/public_html/data.php on line 16
[22-Nov-2016 04:56:46 UTC] PHP Parse error:  syntax error, unexpected '"pass"' (T_CONSTANT_ENCAPSED_STRING) in /home/u554877504/public_html/data.php on line 16
[22-Nov-2016 17:10:07 UTC] PHP Deprecated:  mysql_connect(): The mysql extension is deprecated and will be removed in the future: use mysqli or PDO instead in /home/u554877504/public_html/db.php on line 50
[22-Nov-2016 17:10:57 UTC] PHP Deprecated:  mysql_connect(): The mysql extension is deprecated and will be removed in the future: use mysqli or PDO instead in /home/u554877504/public_html/db.php on line 50
[22-Nov-2016 17:11:33 UTC] PHP Deprecated:  mysql_connect(): The mysql extension is deprecated and will be removed in the future: use mysqli or PDO instead in /home/u554877504/public_html/db.php on line 50
[22-Nov-2016 17:11:54 UTC] PHP Warning:  mysql_select_db() expects parameter 2 to be resource, object given in /home/u554877504/public_html/db.php on line 54
[22-Nov-2016 17:12:02 UTC] PHP Deprecated:  mysql_connect(): The mysql extension is deprecated and will be removed in the future: use mysqli or PDO instead in /home/u554877504/public_html/db.php on line 50
[22-Nov-2016 17:12:21 UTC] PHP Warning:  mysql_select_db() expects parameter 2 to be resource, object given in /home/u554877504/public_html/db.php on line 54
[22-Nov-2016 17:12:39 UTC] PHP Warning:  mysql_select_db() expects parameter 1 to be string, object given in /home/u554877504/public_html/db.php on line 54
[22-Nov-2016 17:12:53 UTC] PHP Deprecated:  mysql_query(): The mysql extension is deprecated and will be removed in the future: use mysqli or PDO instead in /home/u554877504/public_html/db.php on line 58
[22-Nov-2016 17:12:53 UTC] PHP Warning:  mysql_query(): Access denied for user 'u554877504'@'10.2.1.28' (using password: NO) in /home/u554877504/public_html/db.php on line 58
[22-Nov-2016 17:12:53 UTC] PHP Warning:  mysql_query(): A link to the server could not be established in /home/u554877504/public_html/db.php on line 58
[22-Nov-2016 17:13:16 UTC] PHP Warning:  mysqli_query() expects at least 2 parameters, 1 given in /home/u554877504/public_html/db.php on line 58
[22-Nov-2016 17:13:16 UTC] PHP Warning:  mysqli_error() expects exactly 1 parameter, 0 given in /home/u554877504/public_html/db.php on line 59
